OpenGLTexture.obj : warning LNK4006: stbi_load_from_memory already defined in RendererD.lib(texture.obj); second definition ignored
OpenGLTexture.obj : warning LNK4006: stbi_load_from_callbacks already defined in RendererD.lib(texture.obj); second definition ignored
OpenGLTexture.obj : warning LNK4006: stbi_load already defined in RendererD.lib(texture.obj); second definition ignored
OpenGLTexture.obj : warning LNK4006: stbi_load_from_file already defined in RendererD.lib(texture.obj); second definition ignored
OpenGLTexture.obj : warning LNK4006: stbi_load_gif_from_memory already defined in RendererD.lib(texture.obj); second definition ignored
OpenGLTexture.obj : warning LNK4006: stbi_load_16_from_memory already defined in RendererD.lib(texture.obj); second definition ignored
OpenGLTexture.obj : warning LNK4006: stbi_load_16_from_callbacks already defined in RendererD.lib(texture.obj); second definition ignored
OpenGLTexture.obj : warning LNK4006: stbi_load_16 already defined in RendererD.lib(texture.obj); second definition ignored
OpenGLTexture.obj : warning LNK4006: stbi_load_from_file_16 already defined in RendererD.lib(texture.obj); second definition ignored
OpenGLTexture.obj : warning LNK4006: stbi_loadf_from_memory already defined in RendererD.lib(texture.obj); second definition ignored
OpenGLTexture.obj : warning LNK4006: stbi_loadf_from_callbacks already defined in RendererD.lib(texture.obj); second definition ignored
OpenGLTexture.obj : warning LNK4006: stbi_loadf already defined in RendererD.lib(texture.obj); second definition ignored
OpenGLTexture.obj : warning LNK4006: stbi_loadf_from_file already defined in RendererD.lib(texture.obj); second definition ignored
OpenGLTexture.obj : warning LNK4006: stbi_hdr_to_ldr_gamma already defined in RendererD.lib(texture.obj); second definition ignored
OpenGLTexture.obj : warning LNK4006: stbi_hdr_to_ldr_scale already defined in RendererD.lib(texture.obj); second definition ignored
OpenGLTexture.obj : warning LNK4006: stbi_ldr_to_hdr_gamma already defined in RendererD.lib(texture.obj); second definition ignored
OpenGLTexture.obj : warning LNK4006: stbi_ldr_to_hdr_scale already defined in RendererD.lib(texture.obj); second definition ignored
OpenGLTexture.obj : warning LNK4006: stbi_is_hdr_from_callbacks already defined in RendererD.lib(texture.obj); second definition ignored
OpenGLTexture.obj : warning LNK4006: stbi_is_hdr_from_memory already defined in RendererD.lib(texture.obj); second definition ignored
OpenGLTexture.obj : warning LNK4006: stbi_is_hdr already defined in RendererD.lib(texture.obj); second definition ignored
OpenGLTexture.obj : warning LNK4006: stbi_is_hdr_from_file already defined in RendererD.lib(texture.obj); second definition ignored
OpenGLTexture.obj : warning LNK4006: stbi_failure_reason already defined in RendererD.lib(texture.obj); second definition ignored
OpenGLTexture.obj : warning LNK4006: stbi_image_free already defined in RendererD.lib(texture.obj); second definition ignored
OpenGLTexture.obj : warning LNK4006: stbi_info_from_memory already defined in RendererD.lib(texture.obj); second definition ignored
OpenGLTexture.obj : warning LNK4006: stbi_info_from_callbacks already defined in RendererD.lib(texture.obj); second definition ignored
OpenGLTexture.obj : warning LNK4006: stbi_is_16_bit_from_memory already defined in RendererD.lib(texture.obj); second definition ignored
OpenGLTexture.obj : warning LNK4006: stbi_is_16_bit_from_callbacks already defined in RendererD.lib(texture.obj); second definition ignored
OpenGLTexture.obj : warning LNK4006: stbi_info already defined in RendererD.lib(texture.obj); second definition ignored
OpenGLTexture.obj : warning LNK4006: stbi_info_from_file already defined in RendererD.lib(texture.obj); second definition ignored
OpenGLTexture.obj : warning LNK4006: stbi_is_16_bit already defined in RendererD.lib(texture.obj); second definition ignored
OpenGLTexture.obj : warning LNK4006: stbi_is_16_bit_from_file already defined in RendererD.lib(texture.obj); second definition ignored
OpenGLTexture.obj : warning LNK4006: stbi_set_unpremultiply_on_load already defined in RendererD.lib(texture.obj); second definition ignored
OpenGLTexture.obj : warning LNK4006: stbi_convert_iphone_png_to_rgb already defined in RendererD.lib(texture.obj); second definition ignored
OpenGLTexture.obj : warning LNK4006: stbi_set_flip_vertically_on_load already defined in RendererD.lib(texture.obj); second definition ignored
OpenGLTexture.obj : warning LNK4006: stbi_set_flip_vertically_on_load_thread already defined in RendererD.lib(texture.obj); second definition ignored
OpenGLTexture.obj : warning LNK4006: stbi_zlib_decode_malloc_guesssize already defined in RendererD.lib(texture.obj); second definition ignored
OpenGLTexture.obj : warning LNK4006: stbi_zlib_decode_malloc_guesssize_headerflag already defined in RendererD.lib(texture.obj); second definition ignored
OpenGLTexture.obj : warning LNK4006: stbi_zlib_decode_malloc already defined in RendererD.lib(texture.obj); second definition ignored
OpenGLTexture.obj : warning LNK4006: stbi_zlib_decode_buffer already defined in RendererD.lib(texture.obj); second definition ignored
OpenGLTexture.obj : warning LNK4006: stbi_zlib_decode_noheader_malloc already defined in RendererD.lib(texture.obj); second definition ignored
OpenGLTexture.obj : warning LNK4006: stbi_zlib_decode_noheader_buffer already defined in RendererD.lib(texture.obj); second definition ignored
  Engine.vcxproj -> H:\CGP\Year 3\IMAT3905_2223_502 Game Engine Development\repo\bin\Debug-windows\Engine\Engine.lib
