h:\cgp\year 3\imat3905_2223_502 game engine development\repo\build\debug-windows\engine\log.obj
h:\cgp\year 3\imat3905_2223_502 game engine development\repo\build\debug-windows\engine\layerstack.obj
h:\cgp\year 3\imat3905_2223_502 game engine development\repo\build\debug-windows\engine\application.obj
h:\cgp\year 3\imat3905_2223_502 game engine development\repo\build\debug-windows\engine\engine.pch
h:\cgp\year 3\imat3905_2223_502 game engine development\repo\bin\debug-windows\engine\engine.pdb
h:\cgp\year 3\imat3905_2223_502 game engine development\repo\build\debug-windows\engine\engine_pch.obj
h:\cgp\year 3\imat3905_2223_502 game engine development\repo\bin\debug-windows\engine\engine.idb
h:\cgp\year 3\imat3905_2223_502 game engine development\repo\build\debug-windows\engine\openglvertexbuffer.obj
h:\cgp\year 3\imat3905_2223_502 game engine development\repo\build\debug-windows\engine\openglvertexarray.obj
h:\cgp\year 3\imat3905_2223_502 game engine development\repo\build\debug-windows\engine\opengltexture.obj
h:\cgp\year 3\imat3905_2223_502 game engine development\repo\build\debug-windows\engine\openglshader.obj
h:\cgp\year 3\imat3905_2223_502 game engine development\repo\build\debug-windows\engine\openglindexbuffer.obj
h:\cgp\year 3\imat3905_2223_502 game engine development\repo\build\debug-windows\engine\inputpoller.obj
h:\cgp\year 3\imat3905_2223_502 game engine development\repo\build\debug-windows\engine\opengl_glfwgraphicscontext.obj
h:\cgp\year 3\imat3905_2223_502 game engine development\repo\build\debug-windows\engine\glfwwindowimpl.obj
h:\cgp\year 3\imat3905_2223_502 game engine development\repo\build\debug-windows\engine\glfwinputpoller.obj
h:\cgp\year 3\imat3905_2223_502 game engine development\repo\build\debug-windows\engine\freecameraeuler.obj
h:\cgp\year 3\imat3905_2223_502 game engine development\repo\bin\debug-windows\engine\engine.lib
h:\cgp\year 3\imat3905_2223_502 game engine development\repo\build\debug-windows\engine\application.sbr
h:\cgp\year 3\imat3905_2223_502 game engine development\repo\build\debug-windows\engine\engine_pch.sbr
h:\cgp\year 3\imat3905_2223_502 game engine development\repo\build\debug-windows\engine\freecameraeuler.sbr
h:\cgp\year 3\imat3905_2223_502 game engine development\repo\build\debug-windows\engine\glfwinputpoller.sbr
h:\cgp\year 3\imat3905_2223_502 game engine development\repo\build\debug-windows\engine\glfwwindowimpl.sbr
h:\cgp\year 3\imat3905_2223_502 game engine development\repo\build\debug-windows\engine\inputpoller.sbr
h:\cgp\year 3\imat3905_2223_502 game engine development\repo\build\debug-windows\engine\layerstack.sbr
h:\cgp\year 3\imat3905_2223_502 game engine development\repo\build\debug-windows\engine\log.sbr
h:\cgp\year 3\imat3905_2223_502 game engine development\repo\build\debug-windows\engine\openglindexbuffer.sbr
h:\cgp\year 3\imat3905_2223_502 game engine development\repo\build\debug-windows\engine\openglshader.sbr
h:\cgp\year 3\imat3905_2223_502 game engine development\repo\build\debug-windows\engine\opengltexture.sbr
h:\cgp\year 3\imat3905_2223_502 game engine development\repo\build\debug-windows\engine\openglvertexarray.sbr
h:\cgp\year 3\imat3905_2223_502 game engine development\repo\build\debug-windows\engine\openglvertexbuffer.sbr
h:\cgp\year 3\imat3905_2223_502 game engine development\repo\build\debug-windows\engine\opengl_glfwgraphicscontext.sbr
h:\cgp\year 3\imat3905_2223_502 game engine development\repo\build\debug-windows\engine\engine.tlog\bscmake.command.1.tlog
h:\cgp\year 3\imat3905_2223_502 game engine development\repo\build\debug-windows\engine\engine.tlog\bscmake.read.1.tlog
h:\cgp\year 3\imat3905_2223_502 game engine development\repo\build\debug-windows\engine\engine.tlog\cl.command.1.tlog
h:\cgp\year 3\imat3905_2223_502 game engine development\repo\build\debug-windows\engine\engine.tlog\cl.read.1.tlog
h:\cgp\year 3\imat3905_2223_502 game engine development\repo\build\debug-windows\engine\engine.tlog\cl.write.1.tlog
h:\cgp\year 3\imat3905_2223_502 game engine development\repo\build\debug-windows\engine\engine.tlog\lib-link.read.1.tlog
h:\cgp\year 3\imat3905_2223_502 game engine development\repo\build\debug-windows\engine\engine.tlog\lib-link.write.1.tlog
h:\cgp\year 3\imat3905_2223_502 game engine development\repo\build\debug-windows\engine\engine.tlog\lib.command.1.tlog
